Builds/Android/app/build/outputs/logs/manifest-merger-debug_-debug-report.txt
-- Merging decision tree log ---
manifest
ADDED from src/main/AndroidManifest.xml:3:1-21:12
	package
		ADDED from src/main/AndroidManifest.xml:4:11-49
		INJECTED from src/main/AndroidManifest.xml
		INJECTED from src/main/AndroidManifest.xml
	android:versionName
		ADDED from src/main/AndroidManifest.xml:3:94-121
		INJECTED from src/main/AndroidManifest.xml
		INJECTED from src/main/AndroidManifest.xml
	android:versionCode
		ADDED from src/main/AndroidManifest.xml:3:70-93
		INJECTED from src/main/AndroidManifest.xml
		INJECTED from src/main/AndroidManifest.xml
	xmlns:android
		ADDED from src/main/AndroidManifest.xml:3:11-69
supports-screens
ADDED from src/main/AndroidManifest.xml:5:3-133
	android:largeScreens
		ADDED from src/main/AndroidManifest.xml:5:78-105
	android:smallScreens
		ADDED from src/main/AndroidManifest.xml:5:21-48
	android:normalScreens
		ADDED from src/main/AndroidManifest.xml:5:49-77
	android:anyDensity
		ADDED from src/main/AndroidManifest.xml:5:106-131
uses-sdk
ADDED from src/main/AndroidManifest.xml:6:3-71
	android:targetSdkVersion
		ADDED from src/main/AndroidManifest.xml:6:40-69
		INJECTED from src/main/AndroidManifest.xml
		INJECTED from src/main/AndroidManifest.xml
	android:minSdkVersion
		ADDED from src/main/AndroidManifest.xml:6:13-39
		INJECTED from src/main/AndroidManifest.xml
		INJECTED from src/main/AndroidManifest.xml
uses-permission#android.permission.ACCESS_COARSE_LOCATION
ADDED from src/main/AndroidManifest.xml:7:3-78
	android:name
		ADDED from src/main/AndroidManifest.xml:7:20-76
uses-permission#android.permission.BLUETOOTH_ADMIN
ADDED from src/main/AndroidManifest.xml:8:3-71
	android:name
		ADDED from src/main/AndroidManifest.xml:8:20-69
uses-permission#android.permission.BLUETOOTH
ADDED from src/main/AndroidManifest.xml:9:3-65
	android:name
		ADDED from src/main/AndroidManifest.xml:9:20-63
uses-permission#android.permission.INTERNET
ADDED from src/main/AndroidManifest.xml:10:3-64
	android:name
		ADDED from src/main/AndroidManifest.xml:10:20-62
uses-feature#0x00020000
ADDED from src/main/AndroidManifest.xml:11:3-75
	android:glEsVersion
		ADDED from src/main/AndroidManifest.xml:11:17-49
	android:required
		ADDED from src/main/AndroidManifest.xml:11:50-73
application
ADDED from src/main/AndroidManifest.xml:12:3-20:17
	android:label
		ADDED from src/main/AndroidManifest.xml:12:16-48
activity#com.yourcompany.audioapptest.AudioAppTest
ADDED from src/main/AndroidManifest.xml:13:5-19:16
	android:screenOrientation
		ADDED from src/main/AndroidManifest.xml:14:15-54
	android:label
		ADDED from src/main/AndroidManifest.xml:13:43-75
	android:configChanges
		ADDED from src/main/AndroidManifest.xml:13:76-126
	android:name
		ADDED from src/main/AndroidManifest.xml:13:15-42
intent-filter#android.intent.action.MAIN+android.intent.category.LAUNCHER
ADDED from src/main/AndroidManifest.xml:15:7-18:23
action#android.intent.action.MAIN
ADDED from src/main/AndroidManifest.xml:16:9-60
	android:name
		ADDED from src/main/AndroidManifest.xml:16:17-58
category#android.intent.category.LAUNCHER
ADDED from src/main/AndroidManifest.xml:17:9-68
	android:name
		ADDED from src/main/AndroidManifest.xml:17:19-66